2021-05-25 18:32:00 [scrapy.utils.log] INFO: Scrapy 1.5.1 started (bot: scrapy_app)
2021-05-25 18:32:00 [scrapy.utils.log] INFO: Versions: lxml 4.5.0.0, libxml2 2.9.10, cssselect 1.1.0, parsel 1.5.2, w3lib 1.21.0, Twisted 18.9.0, Python 3.8.5 (default, Jan 27 2021, 15:41:15) - [GCC 9.3.0], pyOpenSSL 19.0.0 (OpenSSL 1.1.1f  31 Mar 2020), cryptography 2.8, Platform Linux-5.8.0-53-generic-x86_64-with-glibc2.29
2021-05-25 18:32:00 [scrapy.crawler] INFO: Overridden settings: {'AUTOTHROTTLE_START_DELAY': 3, 'BOT_NAME': 'scrapy_app', 'FEED_FORMAT': 'csv', 'FEED_URI': '', 'LOG_FILE': 'logs/default/icrawler/7d49d572bd8711eb8326d176142f2f42.log', 'NEWSPIDER_MODULE': 'scrapy_app.spiders', 'ROBOTSTXT_OBEY': True, 'SPIDER_MODULES': ['scrapy_app.spiders'], 'USER_AGENT': 'Mozilla/5.0 (compatible; Googlebot/2.1; +http://www.google.com/bot.html)'}
2021-05-25 18:32:00 [scrapy.middleware] INFO: Enabled extensions:
['scrapy.extensions.corestats.CoreStats',
 'scrapy.extensions.telnet.TelnetConsole',
 'scrapy.extensions.memusage.MemoryUsage',
 'scrapy.extensions.logstats.LogStats']
2021-05-25 18:32:00 [root] INFO: =====> MANUFACTURER NAME TO SCRAP:: [SIEMENS]
2021-05-25 18:32:00 [root] INFO: =====> COMPANY NAME TO SCRAP:: [SIEMENS]
2021-05-25 18:32:00 [root] INFO:  ____ ___ _____ __  __ _____ _   _ ____  
/ ___|_ _| ____|  \/  | ____| \ | / ___| 
\___ \| ||  _| | |\/| |  _| |  \| \___ \ 
 ___) | || |___| |  | | |___| |\  |___) |
|____/___|_____|_|  |_|_____|_| \_|____/ 
                                         

2021-05-25 18:32:00 [root] INFO: =====> CSV DATA FILE NAME:: [siemens.csv]
2021-05-25 18:32:00 [root] INFO: =====> Generating the search pattern...
2021-05-25 18:32:00 [root] INFO: ['0', '1', '2', '3', '4', '5', '6', '7', '8', '9', 'A', 'C', 'D', 'E', 'F', 'H', 'K', 'M', 'N', 'P', 'R', 'S', 'T', 'V', 'W', 'X', 'Y', '01', '02', '03', '04', '05', '06', '07', '08', '09', '0A', '0C', '0D', '0E', '0F', '0H', '0K', '0M', '0N', '0P', '0R', '0S', '0T', '0V', '0W', '0X', '0Y', '12', '13', '14', '15', '16', '17', '18', '19', '1A', '1C', '1D', '1E', '1F', '1H', '1K', '1M', '1N', '1P', '1R', '1S', '1T', '1V', '1W', '1X', '1Y', '23', '24', '25', '26', '27', '28', '29', '2A', '2C', '2D', '2E', '2F', '2H', '2K', '2M', '2N', '2P', '2R', '2S', '2T', '2V', '2W', '2X', '2Y', '34', '35', '36', '37', '38', '39', '3A', '3C', '3D', '3E', '3F', '3H', '3K', '3M', '3N', '3P', '3R', '3S', '3T', '3V', '3W', '3X', '3Y', '45', '46', '47', '48', '49', '4A', '4C', '4D', '4E', '4F', '4H', '4K', '4M', '4N', '4P', '4R', '4S', '4T', '4V', '4W', '4X', '4Y', '56', '57', '58', '59', '5A', '5C', '5D', '5E', '5F', '5H', '5K', '5M', '5N', '5P', '5R', '5S', '5T', '5V', '5W', '5X', '5Y', '67', '68', '69', '6A', '6C', '6D', '6E', '6F', '6H', '6K', '6M', '6N', '6P', '6R', '6S', '6T', '6V', '6W', '6X', '6Y', '78', '79', '7A', '7C', '7D', '7E', '7F', '7H', '7K', '7M', '7N', '7P', '7R', '7S', '7T', '7V', '7W', '7X', '7Y', '89', '8A', '8C', '8D', '8E', '8F', '8H', '8K', '8M', '8N', '8P', '8R', '8S', '8T', '8V', '8W', '8X', '8Y', '9A', '9C', '9D', '9E', '9F', '9H', '9K', '9M', '9N', '9P', '9R', '9S', '9T', '9V', '9W', '9X', '9Y', 'AC', 'AD', 'AE', 'AF', 'AH', 'AK', 'AM', 'AN', 'AP', 'AR', 'AS', 'AT', 'AV', 'AW', 'AX', 'AY', 'CD', 'CE', 'CF', 'CH', 'CK', 'CM', 'CN', 'CP', 'CR', 'CS', 'CT', 'CV', 'CW', 'CX', 'CY', 'DE', 'DF', 'DH', 'DK', 'DM', 'DN', 'DP', 'DR', 'DS', 'DT', 'DV', 'DW', 'DX', 'DY', 'EF', 'EH', 'EK', 'EM', 'EN', 'EP', 'ER', 'ES', 'ET', 'EV', 'EW', 'EX', 'EY', 'FH', 'FK', 'FM', 'FN', 'FP', 'FR', 'FS', 'FT', 'FV', 'FW', 'FX', 'FY', 'HK', 'HM', 'HN', 'HP', 'HR', 'HS', 'HT', 'HV', 'HW', 'HX', 'HY', 'KM', 'KN', 'KP', 'KR', 'KS', 'KT', 'KV', 'KW', 'KX', 'KY', 'MN', 'MP', 'MR', 'MS', 'MT', 'MV', 'MW', 'MX', 'MY', 'NP', 'NR', 'NS', 'NT', 'NV', 'NW', 'NX', 'NY', 'PR', 'PS', 'PT', 'PV', 'PW', 'PX', 'PY', 'RS', 'RT', 'RV', 'RW', 'RX', 'RY', 'ST', 'SV', 'SW', 'SX', 'SY', 'TV', 'TW', 'TX', 'TY', 'VW', 'VX', 'VY', 'WX', 'WY', 'XY']
2021-05-25 18:32:00 [scrapy.middleware] INFO: Enabled downloader middlewares:
['scrapy.downloadermiddlewares.robotstxt.RobotsTxtMiddleware',
 'scrapy.downloadermiddlewares.httpauth.HttpAuthMiddleware',
 'scrapy.downloadermiddlewares.downloadtimeout.DownloadTimeoutMiddleware',
 'scrapy.downloadermiddlewares.defaultheaders.DefaultHeadersMiddleware',
 'scrapy.downloadermiddlewares.useragent.UserAgentMiddleware',
 'scrapy.downloadermiddlewares.retry.RetryMiddleware',
 'scrapy.downloadermiddlewares.redirect.MetaRefreshMiddleware',
 'scrapy.downloadermiddlewares.httpcompression.HttpCompressionMiddleware',
 'scrapy.downloadermiddlewares.redirect.RedirectMiddleware',
 'scrapy.downloadermiddlewares.cookies.CookiesMiddleware',
 'scrapy.downloadermiddlewares.httpproxy.HttpProxyMiddleware',
 'scrapy.downloadermiddlewares.stats.DownloaderStats']
2021-05-25 18:32:00 [scrapy.middleware] INFO: Enabled spider middlewares:
['scrapy.spidermiddlewares.httperror.HttpErrorMiddleware',
 'scrapy.spidermiddlewares.offsite.OffsiteMiddleware',
 'scrapy.spidermiddlewares.referer.RefererMiddleware',
 'scrapy.spidermiddlewares.urllength.UrlLengthMiddleware',
 'scrapy.spidermiddlewares.depth.DepthMiddleware']
2021-05-25 18:32:00 [scrapy.middleware] INFO: Enabled item pipelines:
['scrapy_app.pipelines.ScrapyAppPipeline']
2021-05-25 18:32:00 [scrapy.core.engine] INFO: Spider opened
2021-05-25 18:32:00 [scrapy.extensions.logstats] INFO: Crawled 0 pages (at 0 pages/min), scraped 0 items (at 0 items/min)
2021-05-25 18:32:00 [scrapy.extensions.telnet] DEBUG: Telnet console listening on 127.0.0.1:6023
2021-05-25 18:32:01 [scrapy.downloadermiddlewares.redirect] DEBUG: Redirecting (302) to <GET https://www.radwell.co.uk/en-GB/Error/Throttle> from <GET https://www.radwell.co.uk/robots.txt>
2021-05-25 18:32:01 [scrapy.core.engine] DEBUG: Crawled (200) <GET https://www.radwell.co.uk/en-GB/Error/Throttle> (referer: None)
2021-05-25 18:32:01 [scrapy.downloadermiddlewares.redirect] DEBUG: Redirecting (302) to <GET https://www.radwell.co.uk/en-GB/Error/Throttle> from <GET https://www.radwell.co.uk/en-GB/Search/Advanced/SIEMENS?SearchText=&SortField=&ABSale=False&SearchType=Default&SortDirection=0&Manufacturer=SIEMENS&InStockFlag=false&PageSize=10000000>
2021-05-25 18:32:01 [scrapy.core.engine] DEBUG: Crawled (200) <GET https://www.radwell.co.uk/en-GB/Error/Throttle> (referer: None)
2021-05-25 18:32:01 [root] INFO: ===> CATEGORIES -->
2021-05-25 18:32:01 [scrapy.core.engine] INFO: Closing spider (finished)
2021-05-25 18:32:01 [scrapy.statscollectors] INFO: Dumping Scrapy stats:
{'downloader/request_bytes': 1719,
 'downloader/request_count': 4,
 'downloader/request_method_count/GET': 4,
 'downloader/response_bytes': 15921,
 'downloader/response_count': 4,
 'downloader/response_status_count/200': 2,
 'downloader/response_status_count/302': 2,
 'finish_reason': 'finished',
 'finish_time': datetime.datetime(2021, 5, 25, 18, 32, 1, 634481),
 'log_count/DEBUG': 5,
 'log_count/INFO': 14,
 'memusage/max': 72081408,
 'memusage/startup': 72081408,
 'response_received_count': 2,
 'scheduler/dequeued': 2,
 'scheduler/dequeued/memory': 2,
 'scheduler/enqueued': 2,
 'scheduler/enqueued/memory': 2,
 'start_time': datetime.datetime(2021, 5, 25, 18, 32, 0, 816061)}
2021-05-25 18:32:01 [scrapy.core.engine] INFO: Spider closed (finished)
